-------------------------------------------------------------------------------
[07:12PM] NGL configured with 
[07:12PM] OpenGL 4.3.0 NVIDIA 515.43.04
[07:12PM] GLSL version 4.30 NVIDIA via Cg compiler
-------------------------------------------------------------------------------
[07:12PM] creating empty ShaderProgram nglTextShader
[07:12PM] just attached nglTextVertex to ngl::ShaderLib
[07:12PM] just attached nglTextFragment to ngl::ShaderLib
[07:12PM] Compiling Shader nglTextVertex
[07:12PM] Compiling Shader nglTextFragment
[07:12PM] nglTextVertex attached to program
[07:12PM] nglTextFragment attached to program
[07:12PM] Linking nglTextShader
[07:12PM] linking Shader nglTextShader 
FOUND UNIFORM BLOCKS 0
FOUND UNIFORM BLOCKS 0
[07:12PM] creating empty ShaderProgram nglColourShader
[07:12PM] just attached nglColourVertex to ngl::ShaderLib
[07:12PM] just attached nglColourFragment to ngl::ShaderLib
[07:12PM] Compiling Shader nglColourVertex
[07:12PM] Compiling Shader nglColourFragment
[07:12PM] nglColourVertex attached to program
[07:12PM] nglColourFragment attached to program
[07:12PM] Linking nglColourShader
[07:12PM] linking Shader nglColourShader 
FOUND UNIFORM BLOCKS 0
FOUND UNIFORM BLOCKS 0
[07:12PM] creating empty ShaderProgram nglDiffuseShader
[07:12PM] just attached nglDiffuseVertex to ngl::ShaderLib
[07:12PM] just attached nglDiffuseFragment to ngl::ShaderLib
[07:12PM] Compiling Shader nglDiffuseVertex
[07:12PM] Compiling Shader nglDiffuseFragment
[07:12PM] nglDiffuseVertex attached to program
[07:12PM] nglDiffuseFragment attached to program
[07:12PM] Linking nglDiffuseShader
[07:12PM] linking Shader nglDiffuseShader 
FOUND UNIFORM BLOCKS 0
FOUND UNIFORM BLOCKS 0
[07:12PM] creating empty ShaderProgram nglCheckerShader
[07:12PM] just attached nglCheckerVertex to ngl::ShaderLib
[07:12PM] just attached nglCheckerFragment to ngl::ShaderLib
[07:12PM] Compiling Shader nglCheckerVertex
[07:12PM] Compiling Shader nglCheckerFragment
[07:12PM] nglCheckerVertex attached to program
[07:12PM] nglCheckerFragment attached to program
[07:12PM] Linking nglCheckerShader
[07:12PM] linking Shader nglCheckerShader 
FOUND UNIFORM BLOCKS 0
FOUND UNIFORM BLOCKS 0
[07:12PM] creating empty ShaderProgram ParticleShader
[07:12PM] just attached ParticleShaderVertex to ngl::ShaderLib
[07:12PM] just attached ParticleShaderFragment to ngl::ShaderLib
[07:12PM] Compiling Shader ParticleShaderVertex
[07:12PM] Compiling Shader ParticleShaderFragment
[07:12PM] ParticleShaderVertex attached to program
[07:12PM] ParticleShaderFragment attached to program
[07:12PM] Linking ParticleShader
[07:12PM] linking Shader ParticleShader 
FOUND UNIFORM BLOCKS 0
